<?xml version="1.0" encoding="UTF-8"?>
<!-- Generated by org.testng.reporters.JUnitReportReporter -->
<testsuite hostname="Garimas-MacBook.local" failures="0" tests="1" name="SalesforceRunner" time="13.104" errors="0" timestamp="2023-11-10T10:21:50 PST" skipped="0">
  <testcase classname="SalesforceRunner" name="runScenario" time="13.104"/>
</testsuite> <!-- SalesforceRunner -->
